{"logTime": "0620/135008", "correlationVector":"I6vncyORXz5Ib/8b60TWDF","action":"Initial GetUpdates", "result":"", "context":Reason: NEWLY_SUPPORTED_DATATYPE. cV=I6vncyORXz5Ib/8b60TWDF}
{"logTime": "0620/135009", "correlationVector":"I6vncyORXz5Ib/8b60TWDF.1","action":"SyncServerConnectionManagerRequest", "result":"SYNC_SERVER_OK", "context":{"environment":"Prod_JapanEast_000f", "migrationStage":"NotStarted", "server":"GENERAL1100001I"}}
{"logTime": "0620/135009", "correlationVector":"I6vncyORXz5Ib/8b60TWDF.2","action":"GetUpdates", "result":"DeleteReceived", "context":{"id":"edae1d8a-83c5-41db-bb22-7cc51e4431f6", "isDeleted:":"true", "version":"1703831686960"}}
{"logTime": "0620/135009", "correlationVector":"I6vncyORXz5Ib/8b60TWDF.3","action":"GetUpdates", "result":"DeleteReceived", "context":{"id":"ef3463b3-fce2-43be-80d4-4b385b19fd18", "isDeleted:":"true", "version":"1708657352205"}}
{"logTime": "0620/135009", "correlationVector":"I6vncyORXz5Ib/8b60TWDF.4","action":"GetUpdates", "result":"DeleteReceived", "context":{"id":"aca62cb7-367d-49b7-b7f7-8c489e6d9462", "isDeleted:":"true", "version":"1718611880879"}}
{"logTime": "0620/135009", "correlationVector":"I6vncyORXz5Ib/8b60TWDF.5","action":"GetUpdates Response", "result":"Success", "context":Received 74 update(s). cV=I6vncyORXz5Ib/8b60TWDF.0;server=GENERAL1100001I;cloudType=Consumer;environment=Prod_JapanEast_000f;migrationStage=NotStarted}
{"logTime": "0620/135009", "correlationVector":"cwyoHHwCrK7zlPMABhT2O4","action":"Normal GetUpdate request", "result":"", "context":cV=cwyoHHwCrK7zlPMABhT2O4
Nudged types: Preferences
Refresh requested types: Bookmarks, Preferences, Passwords, Autofill Profiles, Autofill, Extensions, Extension settings, Device Info, User Consents, Send Tab To Self, Web Apps, Collection, Edge E Drop, Edge Hub App Usage, Edge Wallet, Encryption Keys}
{"logTime": "0620/135010", "correlationVector":"cwyoHHwCrK7zlPMABhT2O4.1","action":"SyncServerConnectionManagerRequest", "result":"SYNC_SERVER_OK", "context":{"environment":"Prod_JapanEast_000f", "migrationStage":"NotStarted", "server":"GENERAL1100001I"}}
{"logTime": "0620/135010", "correlationVector":"cwyoHHwCrK7zlPMABhT2O4.2","action":"GetUpdates Response", "result":"Success", "context":Received 1 update(s). cV=cwyoHHwCrK7zlPMABhT2O4.0;server=GENERAL1100001I;cloudType=Consumer;environment=Prod_JapanEast_000f;migrationStage=NotStarted}
{"logTime": "0620/135010", "correlationVector":"ZNA/tm1zE/6glzNNs0Hvh1","action":"Commit Request", "result":"", "context":Item count: 1
Contributing types: Preferences}
{"logTime": "0620/135011", "correlationVector":"ZNA/tm1zE/6glzNNs0Hvh1.1","action":"SyncServerConnectionManagerRequest", "result":"SYNC_SERVER_OK", "context":{"environment":"Prod_JapanEast_000f", "migrationStage":"NotStarted", "server":"GENERAL11000013"}}
{"logTime": "0620/135011", "correlationVector":"ZNA/tm1zE/6glzNNs0Hvh1.2","action":"Commit Response", "result":"Success", "context":Result: Success. cV=ZNA/tm1zE/6glzNNs0Hvh1.0;server=GENERAL11000013;cloudType=Consumer;environment=Prod_JapanEast_000f;migrationStage=NotStarted}
{"logTime": "0620/135013", "correlationVector":"nlJrp1oNs2x6HY62K05eif","action":"Normal GetUpdate request", "result":"", "context":cV=nlJrp1oNs2x6HY62K05eif
Nudged types: Preferences}
{"logTime": "0620/135013", "correlationVector":"nlJrp1oNs2x6HY62K05eif.1","action":"SyncServerConnectionManagerRequest", "result":"SYNC_SERVER_OK", "context":{"environment":"Prod_JapanEast_000f", "migrationStage":"NotStarted", "server":"GENERAL0100000M"}}
{"logTime": "0620/135013", "correlationVector":"nlJrp1oNs2x6HY62K05eif.2","action":"GetUpdates Response", "result":"Success", "context":Received 1 update(s). cV=nlJrp1oNs2x6HY62K05eif.0;server=GENERAL0100000M;cloudType=Consumer;environment=Prod_JapanEast_000f;migrationStage=NotStarted}
{"logTime": "0620/135126", "correlationVector":"ap646Cr9WtjivM6D/7UJVv","action":"Commit Request", "result":"", "context":Item count: 1
Contributing types: Preferences}
{"logTime": "0620/135127", "correlationVector":"ap646Cr9WtjivM6D/7UJVv.1","action":"SyncServerConnectionManagerRequest", "result":"SYNC_SERVER_OK", "context":{"environment":"Prod_JapanEast_000f", "migrationStage":"NotStarted", "server":"GENERAL1100001P"}}
{"logTime": "0620/135127", "correlationVector":"ap646Cr9WtjivM6D/7UJVv.2","action":"Commit Response", "result":"Success", "context":Result: Success. cV=ap646Cr9WtjivM6D/7UJVv.0;server=GENERAL1100001P;cloudType=Consumer;environment=Prod_JapanEast_000f;migrationStage=NotStarted}
{"logTime": "0620/135507", "correlationVector":"lRjJ4BZMi7OaZcUPSPMUzr","action":"Normal GetUpdate request", "result":"", "context":cV=lRjJ4BZMi7OaZcUPSPMUzr
Refresh requested types: Bookmarks, Preferences, Passwords, Autofill Profiles, Autofill, Extensions, Extension settings, Device Info, User Consents, Send Tab To Self, Web Apps, Collection, Edge E Drop, Edge Hub App Usage, Edge Wallet, Encryption Keys}
{"logTime": "0620/135510", "correlationVector":"lRjJ4BZMi7OaZcUPSPMUzr.1","action":"SyncServerConnectionManagerRequest", "result":"SYNC_SERVER_OK", "context":{"environment":"Prod_JapanEast_000f", "migrationStage":"NotStarted", "server":"GENERAL1100000B"}}
{"logTime": "0620/135510", "correlationVector":"lRjJ4BZMi7OaZcUPSPMUzr.2","action":"GetUpdates Response", "result":"Success", "context":Received 1 update(s). cV=lRjJ4BZMi7OaZcUPSPMUzr.0;server=GENERAL1100000B;cloudType=Consumer;environment=Prod_JapanEast_000f;migrationStage=NotStarted}
{"logTime": "0620/140647", "correlationVector":"p+Bmgo+KxvSrKnL8ilE1i4.1","action":"SyncServerConnectionManagerRequest", "result":"SYNC_SERVER_OK", "context":{"environment":"Prod_JapanEast_000f", "migrationStage":"NotStarted", "server":"GENERAL0100000L"}}
{"logTime": "0620/140647", "correlationVector":"wSBtMSeLlfS8zTLAMwZ0aP","action":"SyncServerConnectionManagerRequest", "result":"SYNC_SERVER_OK", "context":{"environment":"", "migrationStage":"", "server":""}}
{"logTime": "0620/140647", "correlationVector":"p+Bmgo+KxvSrKnL8ilE1i4","action":"Initial GetUpdates", "result":"", "context":Reason: NEW_CLIENT. cV=p+Bmgo+KxvSrKnL8ilE1i4}
{"logTime": "0620/140647", "correlationVector":"p+Bmgo+KxvSrKnL8ilE1i4.2","action":"GetUpdates Response", "result":"Success", "context":Received 1 update(s). cV=p+Bmgo+KxvSrKnL8ilE1i4.0;server=GENERAL0100000L;cloudType=Consumer;environment=Prod_JapanEast_000f;migrationStage=NotStarted}
{"logTime": "0620/140647", "correlationVector":"JpTH2N0UfMpmGG55e4m/z5","action":"Initial GetUpdates", "result":"", "context":Reason: NEWLY_SUPPORTED_DATATYPE. cV=JpTH2N0UfMpmGG55e4m/z5}
{"logTime": "0620/140647", "correlationVector":"JpTH2N0UfMpmGG55e4m/z5.1","action":"SyncServerConnectionManagerRequest", "result":"SYNC_SERVER_OK", "context":{"environment":"Prod_JapanEast_000f", "migrationStage":"NotStarted", "server":"GENERAL1100000L"}}
{"logTime": "0620/140647", "correlationVector":"JpTH2N0UfMpmGG55e4m/z5.2","action":"GetUpdates", "result":"DeleteReceived", "context":{"id":"edae1d8a-83c5-41db-bb22-7cc51e4431f6", "isDeleted:":"true", "version":"1703831686960"}}
{"logTime": "0620/140647", "correlationVector":"JpTH2N0UfMpmGG55e4m/z5.3","action":"GetUpdates", "result":"DeleteReceived", "context":{"id":"ef3463b3-fce2-43be-80d4-4b385b19fd18", "isDeleted:":"true", "version":"1708657352205"}}
{"logTime": "0620/140647", "correlationVector":"JpTH2N0UfMpmGG55e4m/z5.4","action":"GetUpdates", "result":"DeleteReceived", "context":{"id":"aca62cb7-367d-49b7-b7f7-8c489e6d9462", "isDeleted:":"true", "version":"1718611880879"}}
{"logTime": "0620/140647", "correlationVector":"JpTH2N0UfMpmGG55e4m/z5.5","action":"GetUpdates Response", "result":"Success", "context":Received 74 update(s). cV=JpTH2N0UfMpmGG55e4m/z5.0;server=GENERAL1100000L;cloudType=Consumer;environment=Prod_JapanEast_000f;migrationStage=NotStarted}
{"logTime": "0620/140647", "correlationVector":"n5iPviBK+YCUskzEiKJBR/","action":"Normal GetUpdate request", "result":"", "context":cV=n5iPviBK+YCUskzEiKJBR/
Refresh requested types: Bookmarks, Preferences, Passwords, Autofill Profiles, Autofill, Extensions, Extension settings, Device Info, User Consents, Send Tab To Self, Web Apps, Collection, Edge E Drop, Edge Hub App Usage, Edge Wallet, Encryption Keys}
{"logTime": "0620/140647", "correlationVector":"n5iPviBK+YCUskzEiKJBR/.1","action":"SyncServerConnectionManagerRequest", "result":"SYNC_SERVER_OK", "context":{"environment":"Prod_JapanEast_000f", "migrationStage":"NotStarted", "server":"GENERAL0100000N"}}
{"logTime": "0620/140647", "correlationVector":"n5iPviBK+YCUskzEiKJBR/.2","action":"GetUpdates Response", "result":"Success", "context":Received 0 update(s). cV=n5iPviBK+YCUskzEiKJBR/.0;server=GENERAL0100000N;cloudType=Consumer;environment=Prod_JapanEast_000f;migrationStage=NotStarted}
{"logTime": "0620/140649", "correlationVector":"uTZmx+uiDhLxrI/UnkxLF+","action":"Normal GetUpdate request", "result":"", "context":cV=uTZmx+uiDhLxrI/UnkxLF+
Nudged types: Preferences}
{"logTime": "0620/140650", "correlationVector":"uTZmx+uiDhLxrI/UnkxLF+.1","action":"SyncServerConnectionManagerRequest", "result":"SYNC_SERVER_OK", "context":{"environment":"Prod_JapanEast_000f", "migrationStage":"NotStarted", "server":"GENERAL1100001K"}}
{"logTime": "0620/140650", "correlationVector":"uTZmx+uiDhLxrI/UnkxLF+.2","action":"GetUpdates Response", "result":"Success", "context":Received 0 update(s). cV=uTZmx+uiDhLxrI/UnkxLF+.0;server=GENERAL1100001K;cloudType=Consumer;environment=Prod_JapanEast_000f;migrationStage=NotStarted}
{"logTime": "0620/140650", "correlationVector":"J3uPZDF4PTMThyUw5nvB8A","action":"Commit Request", "result":"", "context":Item count: 1
Contributing types: Preferences}
{"logTime": "0620/140651", "correlationVector":"J3uPZDF4PTMThyUw5nvB8A.1","action":"SyncServerConnectionManagerRequest", "result":"SYNC_SERVER_OK", "context":{"environment":"Prod_JapanEast_000f", "migrationStage":"NotStarted", "server":"GENERAL1100000U"}}
{"logTime": "0620/140651", "correlationVector":"J3uPZDF4PTMThyUw5nvB8A.2","action":"Commit Response", "result":"Success", "context":Result: Success. cV=J3uPZDF4PTMThyUw5nvB8A.0;server=GENERAL1100000U;cloudType=Consumer;environment=Prod_JapanEast_000f;migrationStage=NotStarted}
{"logTime": "0620/141057", "correlationVector":"lL6D+uYXtZ1SQ4emjyJ0oC","action":"Normal GetUpdate request", "result":"", "context":cV=lL6D+uYXtZ1SQ4emjyJ0oC
Refresh requested types: Bookmarks, Preferences, Passwords, Autofill Profiles, Autofill, Extensions, Extension settings, Device Info, User Consents, Send Tab To Self, Web Apps, Collection, Edge E Drop, Edge Hub App Usage, Edge Wallet, Encryption Keys}
{"logTime": "0620/141108", "correlationVector":"lL6D+uYXtZ1SQ4emjyJ0oC.1","action":"SyncServerConnectionManagerRequest", "result":"SYNC_SERVER_OK", "context":{"environment":"Prod_JapanEast_000f", "migrationStage":"NotStarted", "server":"GENERAL1100000Y"}}
{"logTime": "0620/141108", "correlationVector":"lL6D+uYXtZ1SQ4emjyJ0oC.2","action":"GetUpdates Response", "result":"Success", "context":Received 1 update(s). cV=lL6D+uYXtZ1SQ4emjyJ0oC.0;server=GENERAL1100000Y;cloudType=Consumer;environment=Prod_JapanEast_000f;migrationStage=NotStarted}
{"logTime": "0620/142344", "correlationVector":"nBJR5ifn7YJMEH5VWv4ewC.1","action":"SyncServerConnectionManagerRequest", "result":"SYNC_SERVER_OK", "context":{"environment":"Prod_JapanEast_000f", "migrationStage":"NotStarted", "server":"GENERAL1100001D"}}
{"logTime": "0620/142344", "correlationVector":"ILsp9rTLvAtY2mI1Q4Xltw","action":"SyncServerConnectionManagerRequest", "result":"SYNC_SERVER_OK", "context":{"environment":"", "migrationStage":"", "server":""}}
{"logTime": "0620/142344", "correlationVector":"nBJR5ifn7YJMEH5VWv4ewC","action":"Initial GetUpdates", "result":"", "context":Reason: NEW_CLIENT. cV=nBJR5ifn7YJMEH5VWv4ewC}
{"logTime": "0620/142344", "correlationVector":"nBJR5ifn7YJMEH5VWv4ewC.2","action":"GetUpdates Response", "result":"Success", "context":Received 1 update(s). cV=nBJR5ifn7YJMEH5VWv4ewC.0;server=GENERAL1100001D;cloudType=Consumer;environment=Prod_JapanEast_000f;migrationStage=NotStarted}
{"logTime": "0620/142344", "correlationVector":"r3UIHP9J0gT3OHmZSd53OF","action":"Initial GetUpdates", "result":"", "context":Reason: NEWLY_SUPPORTED_DATATYPE. cV=r3UIHP9J0gT3OHmZSd53OF}
{"logTime": "0620/142344", "correlationVector":"r3UIHP9J0gT3OHmZSd53OF.1","action":"SyncServerConnectionManagerRequest", "result":"SYNC_SERVER_OK", "context":{"environment":"Prod_JapanEast_000f", "migrationStage":"NotStarted", "server":"GENERAL1100000X"}}
{"logTime": "0620/142344", "correlationVector":"r3UIHP9J0gT3OHmZSd53OF.2","action":"GetUpdates", "result":"DeleteReceived", "context":{"id":"edae1d8a-83c5-41db-bb22-7cc51e4431f6", "isDeleted:":"true", "version":"1703831686960"}}
{"logTime": "0620/142344", "correlationVector":"r3UIHP9J0gT3OHmZSd53OF.3","action":"GetUpdates", "result":"DeleteReceived", "context":{"id":"ef3463b3-fce2-43be-80d4-4b385b19fd18", "isDeleted:":"true", "version":"1708657352205"}}
{"logTime": "0620/142344", "correlationVector":"r3UIHP9J0gT3OHmZSd53OF.4","action":"GetUpdates", "result":"DeleteReceived", "context":{"id":"aca62cb7-367d-49b7-b7f7-8c489e6d9462", "isDeleted:":"true", "version":"1718611880879"}}
{"logTime": "0620/142344", "correlationVector":"r3UIHP9J0gT3OHmZSd53OF.5","action":"GetUpdates Response", "result":"Success", "context":Received 74 update(s). cV=r3UIHP9J0gT3OHmZSd53OF.0;server=GENERAL1100000X;cloudType=Consumer;environment=Prod_JapanEast_000f;migrationStage=NotStarted}
{"logTime": "0620/142344", "correlationVector":"BHRWmi4zWesIBeIFqIgCye","action":"Normal GetUpdate request", "result":"", "context":cV=BHRWmi4zWesIBeIFqIgCye
Refresh requested types: Bookmarks, Preferences, Passwords, Autofill Profiles, Autofill, Extensions, Extension settings, Device Info, User Consents, Send Tab To Self, Web Apps, Collection, Edge E Drop, Edge Hub App Usage, Edge Wallet, Encryption Keys}
{"logTime": "0620/142344", "correlationVector":"BHRWmi4zWesIBeIFqIgCye.1","action":"SyncServerConnectionManagerRequest", "result":"SYNC_SERVER_OK", "context":{"environment":"Prod_JapanEast_000f", "migrationStage":"NotStarted", "server":"GENERAL11000002"}}
{"logTime": "0620/142344", "correlationVector":"BHRWmi4zWesIBeIFqIgCye.2","action":"GetUpdates Response", "result":"Success", "context":Received 0 update(s). cV=BHRWmi4zWesIBeIFqIgCye.0;server=GENERAL11000002;cloudType=Consumer;environment=Prod_JapanEast_000f;migrationStage=NotStarted}
{"logTime": "0620/142346", "correlationVector":"k/bAqD0Y/OWiJrVbPcyGAs","action":"Normal GetUpdate request", "result":"", "context":cV=k/bAqD0Y/OWiJrVbPcyGAs
Nudged types: Preferences}
{"logTime": "0620/142347", "correlationVector":"k/bAqD0Y/OWiJrVbPcyGAs.1","action":"SyncServerConnectionManagerRequest", "result":"SYNC_SERVER_OK", "context":{"environment":"Prod_JapanEast_000f", "migrationStage":"NotStarted", "server":"GENERAL1100000M"}}
{"logTime": "0620/142347", "correlationVector":"k/bAqD0Y/OWiJrVbPcyGAs.2","action":"GetUpdates Response", "result":"Success", "context":Received 0 update(s). cV=k/bAqD0Y/OWiJrVbPcyGAs.0;server=GENERAL1100000M;cloudType=Consumer;environment=Prod_JapanEast_000f;migrationStage=NotStarted}
{"logTime": "0620/142347", "correlationVector":"yTNxWS5+jttdIUXovwzaCC","action":"Commit Request", "result":"", "context":Item count: 1
Contributing types: Preferences}
{"logTime": "0620/142348", "correlationVector":"yTNxWS5+jttdIUXovwzaCC.1","action":"SyncServerConnectionManagerRequest", "result":"SYNC_SERVER_OK", "context":{"environment":"Prod_JapanEast_000f", "migrationStage":"NotStarted", "server":"GENERAL1100000Z"}}
{"logTime": "0620/142348", "correlationVector":"yTNxWS5+jttdIUXovwzaCC.2","action":"Commit Response", "result":"Success", "context":Result: Success. cV=yTNxWS5+jttdIUXovwzaCC.0;server=GENERAL1100000Z;cloudType=Consumer;environment=Prod_JapanEast_000f;migrationStage=NotStarted}
{"logTime": "0620/142434", "correlationVector":"7yYLX6+11sZr3oQsuPWzUi","action":"Commit Request", "result":"", "context":Item count: 1
Contributing types: Preferences}
{"logTime": "0620/142435", "correlationVector":"7yYLX6+11sZr3oQsuPWzUi.1","action":"SyncServerConnectionManagerRequest", "result":"SYNC_SERVER_OK", "context":{"environment":"Prod_JapanEast_000f", "migrationStage":"NotStarted", "server":"GENERAL1100000C"}}
{"logTime": "0620/142435", "correlationVector":"7yYLX6+11sZr3oQsuPWzUi.2","action":"Commit Response", "result":"Success", "context":Result: Success. cV=7yYLX6+11sZr3oQsuPWzUi.0;server=GENERAL1100000C;cloudType=Consumer;environment=Prod_JapanEast_000f;migrationStage=NotStarted}
{"logTime": "0620/142835", "correlationVector":"XfmWVOP++qbDMFs021A+BS","action":"Normal GetUpdate request", "result":"", "context":cV=XfmWVOP++qbDMFs021A+BS
Refresh requested types: Bookmarks, Preferences, Passwords, Autofill Profiles, Autofill, Extensions, Extension settings, Device Info, User Consents, Send Tab To Self, Web Apps, Collection, Edge E Drop, Edge Hub App Usage, Edge Wallet, Encryption Keys}
{"logTime": "0620/142846", "correlationVector":"XfmWVOP++qbDMFs021A+BS.1","action":"SyncServerConnectionManagerRequest", "result":"SYNC_SERVER_OK", "context":{"environment":"Prod_JapanEast_000f", "migrationStage":"NotStarted", "server":"GENERAL1100000F"}}
{"logTime": "0620/142846", "correlationVector":"XfmWVOP++qbDMFs021A+BS.2","action":"GetUpdates Response", "result":"Success", "context":Received 2 update(s). cV=XfmWVOP++qbDMFs021A+BS.0;server=GENERAL1100000F;cloudType=Consumer;environment=Prod_JapanEast_000f;migrationStage=NotStarted}
{"logTime": "0620/143448", "correlationVector":"XpB+/+9PVblOxEdGKu936H.1","action":"SyncServerConnectionManagerRequest", "result":"SYNC_SERVER_OK", "context":{"environment":"Prod_JapanEast_000f", "migrationStage":"NotStarted", "server":"GENERAL1100000G"}}
{"logTime": "0620/143448", "correlationVector":"vyhx3B68wTWWYNdFBShJ8D","action":"SyncServerConnectionManagerRequest", "result":"SYNC_SERVER_OK", "context":{"environment":"", "migrationStage":"", "server":""}}
{"logTime": "0620/143448", "correlationVector":"XpB+/+9PVblOxEdGKu936H","action":"Initial GetUpdates", "result":"", "context":Reason: NEW_CLIENT. cV=XpB+/+9PVblOxEdGKu936H}
{"logTime": "0620/143448", "correlationVector":"XpB+/+9PVblOxEdGKu936H.2","action":"GetUpdates Response", "result":"Success", "context":Received 1 update(s). cV=XpB+/+9PVblOxEdGKu936H.0;server=GENERAL1100000G;cloudType=Consumer;environment=Prod_JapanEast_000f;migrationStage=NotStarted}
{"logTime": "0620/143448", "correlationVector":"TGAvr/5XGhXMmQlw4L2kSq","action":"Initial GetUpdates", "result":"", "context":Reason: NEWLY_SUPPORTED_DATATYPE. cV=TGAvr/5XGhXMmQlw4L2kSq}
{"logTime": "0620/143448", "correlationVector":"TGAvr/5XGhXMmQlw4L2kSq.1","action":"SyncServerConnectionManagerRequest", "result":"SYNC_SERVER_OK", "context":{"environment":"Prod_JapanEast_000f", "migrationStage":"NotStarted", "server":"GENERAL1100000F"}}
{"logTime": "0620/143448", "correlationVector":"TGAvr/5XGhXMmQlw4L2kSq.2","action":"GetUpdates", "result":"DeleteReceived", "context":{"id":"edae1d8a-83c5-41db-bb22-7cc51e4431f6", "isDeleted:":"true", "version":"1703831686960"}}
{"logTime": "0620/143448", "correlationVector":"TGAvr/5XGhXMmQlw4L2kSq.3","action":"GetUpdates", "result":"DeleteReceived", "context":{"id":"ef3463b3-fce2-43be-80d4-4b385b19fd18", "isDeleted:":"true", "version":"1708657352205"}}
{"logTime": "0620/143448", "correlationVector":"TGAvr/5XGhXMmQlw4L2kSq.4","action":"GetUpdates", "result":"DeleteReceived", "context":{"id":"aca62cb7-367d-49b7-b7f7-8c489e6d9462", "isDeleted:":"true", "version":"1718611880879"}}
{"logTime": "0620/143448", "correlationVector":"TGAvr/5XGhXMmQlw4L2kSq.5","action":"GetUpdates Response", "result":"Success", "context":Received 74 update(s). cV=TGAvr/5XGhXMmQlw4L2kSq.0;server=GENERAL1100000F;cloudType=Consumer;environment=Prod_JapanEast_000f;migrationStage=NotStarted}
{"logTime": "0620/143448", "correlationVector":"eK83lsVXB0R6apP8IyKLPe","action":"Normal GetUpdate request", "result":"", "context":cV=eK83lsVXB0R6apP8IyKLPe
Refresh requested types: Bookmarks, Preferences, Passwords, Autofill Profiles, Autofill, Extensions, Extension settings, Device Info, User Consents, Send Tab To Self, Web Apps, Collection, Edge E Drop, Edge Hub App Usage, Edge Wallet, Encryption Keys}
{"logTime": "0620/143448", "correlationVector":"eK83lsVXB0R6apP8IyKLPe.1","action":"SyncServerConnectionManagerRequest", "result":"SYNC_SERVER_OK", "context":{"environment":"Prod_JapanEast_000f", "migrationStage":"NotStarted", "server":"GENERAL0100001Q"}}
{"logTime": "0620/143448", "correlationVector":"eK83lsVXB0R6apP8IyKLPe.2","action":"GetUpdates Response", "result":"Success", "context":Received 0 update(s). cV=eK83lsVXB0R6apP8IyKLPe.0;server=GENERAL0100001Q;cloudType=Consumer;environment=Prod_JapanEast_000f;migrationStage=NotStarted}
{"logTime": "0620/143450", "correlationVector":"tdfL1ws9/HdUrvubJ85Bl3","action":"Normal GetUpdate request", "result":"", "context":cV=tdfL1ws9/HdUrvubJ85Bl3
Nudged types: Preferences}
{"logTime": "0620/143451", "correlationVector":"tdfL1ws9/HdUrvubJ85Bl3.1","action":"SyncServerConnectionManagerRequest", "result":"SYNC_SERVER_OK", "context":{"environment":"Prod_JapanEast_000f", "migrationStage":"NotStarted", "server":"GENERAL1100001I"}}
{"logTime": "0620/143451", "correlationVector":"tdfL1ws9/HdUrvubJ85Bl3.2","action":"GetUpdates Response", "result":"Success", "context":Received 0 update(s). cV=tdfL1ws9/HdUrvubJ85Bl3.0;server=GENERAL1100001I;cloudType=Consumer;environment=Prod_JapanEast_000f;migrationStage=NotStarted}
{"logTime": "0620/143451", "correlationVector":"pJKa/MyCmOWOtvn1CsQ6oT","action":"Commit Request", "result":"", "context":Item count: 1
Contributing types: Preferences}
{"logTime": "0620/143452", "correlationVector":"pJKa/MyCmOWOtvn1CsQ6oT.1","action":"SyncServerConnectionManagerRequest", "result":"SYNC_SERVER_OK", "context":{"environment":"Prod_JapanEast_000f", "migrationStage":"NotStarted", "server":"GENERAL1100000R"}}
{"logTime": "0620/143452", "correlationVector":"pJKa/MyCmOWOtvn1CsQ6oT.2","action":"Commit Response", "result":"Success", "context":Result: Success. cV=pJKa/MyCmOWOtvn1CsQ6oT.0;server=GENERAL1100000R;cloudType=Consumer;environment=Prod_JapanEast_000f;migrationStage=NotStarted}
{"logTime": "0620/143505", "correlationVector":"6Qr3l2Nhm0OVssMP22twXv","action":"Commit Request", "result":"", "context":Item count: 1
Contributing types: Preferences}
{"logTime": "0620/143506", "correlationVector":"6Qr3l2Nhm0OVssMP22twXv.1","action":"SyncServerConnectionManagerRequest", "result":"SYNC_SERVER_OK", "context":{"environment":"Prod_JapanEast_000f", "migrationStage":"NotStarted", "server":"GENERAL11000015"}}
{"logTime": "0620/143506", "correlationVector":"6Qr3l2Nhm0OVssMP22twXv.2","action":"Commit Response", "result":"Success", "context":Result: Success. cV=6Qr3l2Nhm0OVssMP22twXv.0;server=GENERAL11000015;cloudType=Consumer;environment=Prod_JapanEast_000f;migrationStage=NotStarted}
{"logTime": "0620/143659", "correlationVector":"Bnd9dZ2AaSmIX8qpcsLJv/.1","action":"SyncServerConnectionManagerRequest", "result":"SYNC_SERVER_OK", "context":{"environment":"Prod_JapanEast_000f", "migrationStage":"NotStarted", "server":"GENERAL0100000M"}}
{"logTime": "0620/143659", "correlationVector":"grgmr9M3FN60mDQlbbSJWv","action":"SyncServerConnectionManagerRequest", "result":"SYNC_SERVER_OK", "context":{"environment":"", "migrationStage":"", "server":""}}
{"logTime": "0620/143659", "correlationVector":"Bnd9dZ2AaSmIX8qpcsLJv/","action":"Initial GetUpdates", "result":"", "context":Reason: NEW_CLIENT. cV=Bnd9dZ2AaSmIX8qpcsLJv/}
{"logTime": "0620/143659", "correlationVector":"Bnd9dZ2AaSmIX8qpcsLJv/.2","action":"GetUpdates Response", "result":"Success", "context":Received 1 update(s). cV=Bnd9dZ2AaSmIX8qpcsLJv/.0;server=GENERAL0100000M;cloudType=Consumer;environment=Prod_JapanEast_000f;migrationStage=NotStarted}
{"logTime": "0620/143659", "correlationVector":"dsQ/rKdDL96u3KQi8HEbn3","action":"Initial GetUpdates", "result":"", "context":Reason: NEWLY_SUPPORTED_DATATYPE. cV=dsQ/rKdDL96u3KQi8HEbn3}
{"logTime": "0620/143659", "correlationVector":"dsQ/rKdDL96u3KQi8HEbn3.1","action":"SyncServerConnectionManagerRequest", "result":"SYNC_SERVER_OK", "context":{"environment":"Prod_JapanEast_000f", "migrationStage":"NotStarted", "server":"GENERAL0100000N"}}
{"logTime": "0620/143659", "correlationVector":"dsQ/rKdDL96u3KQi8HEbn3.2","action":"GetUpdates", "result":"DeleteReceived", "context":{"id":"edae1d8a-83c5-41db-bb22-7cc51e4431f6", "isDeleted:":"true", "version":"1703831686960"}}
{"logTime": "0620/143659", "correlationVector":"dsQ/rKdDL96u3KQi8HEbn3.3","action":"GetUpdates", "result":"DeleteReceived", "context":{"id":"ef3463b3-fce2-43be-80d4-4b385b19fd18", "isDeleted:":"true", "version":"1708657352205"}}
{"logTime": "0620/143659", "correlationVector":"dsQ/rKdDL96u3KQi8HEbn3.4","action":"GetUpdates", "result":"DeleteReceived", "context":{"id":"aca62cb7-367d-49b7-b7f7-8c489e6d9462", "isDeleted:":"true", "version":"1718611880879"}}
{"logTime": "0620/143659", "correlationVector":"dsQ/rKdDL96u3KQi8HEbn3.5","action":"GetUpdates Response", "result":"Success", "context":Received 74 update(s). cV=dsQ/rKdDL96u3KQi8HEbn3.0;server=GENERAL0100000N;cloudType=Consumer;environment=Prod_JapanEast_000f;migrationStage=NotStarted}
{"logTime": "0620/143659", "correlationVector":"nrRhSE8sLBwtPjrjOSyWRb","action":"Normal GetUpdate request", "result":"", "context":cV=nrRhSE8sLBwtPjrjOSyWRb
Refresh requested types: Bookmarks, Preferences, Passwords, Autofill Profiles, Autofill, Extensions, Extension settings, Device Info, User Consents, Send Tab To Self, Web Apps, Collection, Edge E Drop, Edge Hub App Usage, Edge Wallet, Encryption Keys}
{"logTime": "0620/143659", "correlationVector":"nrRhSE8sLBwtPjrjOSyWRb.1","action":"SyncServerConnectionManagerRequest", "result":"SYNC_SERVER_OK", "context":{"environment":"Prod_JapanEast_000f", "migrationStage":"NotStarted", "server":"GENERAL01000013"}}
{"logTime": "0620/143659", "correlationVector":"nrRhSE8sLBwtPjrjOSyWRb.2","action":"GetUpdates Response", "result":"Success", "context":Received 2 update(s). cV=nrRhSE8sLBwtPjrjOSyWRb.0;server=GENERAL01000013;cloudType=Consumer;environment=Prod_JapanEast_000f;migrationStage=NotStarted}
{"logTime": "0620/143701", "correlationVector":"RCNb06uOAUZ+qhGpuOYcaK","action":"Normal GetUpdate request", "result":"", "context":cV=RCNb06uOAUZ+qhGpuOYcaK
Nudged types: Preferences}
{"logTime": "0620/143702", "correlationVector":"RCNb06uOAUZ+qhGpuOYcaK.1","action":"SyncServerConnectionManagerRequest", "result":"SYNC_SERVER_OK", "context":{"environment":"Prod_JapanEast_000f", "migrationStage":"NotStarted", "server":"GENERAL1100000C"}}
{"logTime": "0620/143702", "correlationVector":"RCNb06uOAUZ+qhGpuOYcaK.2","action":"GetUpdates Response", "result":"Success", "context":Received 0 update(s). cV=RCNb06uOAUZ+qhGpuOYcaK.0;server=GENERAL1100000C;cloudType=Consumer;environment=Prod_JapanEast_000f;migrationStage=NotStarted}
{"logTime": "0620/143702", "correlationVector":"XdOYwXG6av6Xxz7wx+E4Pf","action":"Commit Request", "result":"", "context":Item count: 1
Contributing types: Preferences}
{"logTime": "0620/143703", "correlationVector":"XdOYwXG6av6Xxz7wx+E4Pf.1","action":"SyncServerConnectionManagerRequest", "result":"SYNC_SERVER_OK", "context":{"environment":"Prod_JapanEast_000f", "migrationStage":"NotStarted", "server":"GENERAL1100001G"}}
{"logTime": "0620/143703", "correlationVector":"XdOYwXG6av6Xxz7wx+E4Pf.2","action":"Commit Response", "result":"Success", "context":Result: Success. cV=XdOYwXG6av6Xxz7wx+E4Pf.0;server=GENERAL1100001G;cloudType=Consumer;environment=Prod_JapanEast_000f;migrationStage=NotStarted}
{"logTime": "0620/143836", "correlationVector":"ylih05F5IDp6jZfFHO94tA","action":"Commit Request", "result":"", "context":Item count: 1
Contributing types: Preferences}
{"logTime": "0620/143837", "correlationVector":"ylih05F5IDp6jZfFHO94tA.1","action":"SyncServerConnectionManagerRequest", "result":"SYNC_SERVER_OK", "context":{"environment":"Prod_JapanEast_000f", "migrationStage":"NotStarted", "server":"GENERAL1100000C"}}
{"logTime": "0620/143837", "correlationVector":"ylih05F5IDp6jZfFHO94tA.2","action":"Commit Response", "result":"Success", "context":Result: Success. cV=ylih05F5IDp6jZfFHO94tA.0;server=GENERAL1100000C;cloudType=Consumer;environment=Prod_JapanEast_000f;migrationStage=NotStarted}
{"logTime": "0620/144109", "correlationVector":"h+KrvJJD2wsVwAEb34nOpB","action":"Normal GetUpdate request", "result":"", "context":cV=h+KrvJJD2wsVwAEb34nOpB
Refresh requested types: Bookmarks, Preferences, Passwords, Autofill Profiles, Autofill, Extensions, Extension settings, Device Info, User Consents, Send Tab To Self, Web Apps, Collection, Edge E Drop, Edge Hub App Usage, Edge Wallet, Encryption Keys}
{"logTime": "0620/144120", "correlationVector":"h+KrvJJD2wsVwAEb34nOpB.1","action":"SyncServerConnectionManagerRequest", "result":"SYNC_SERVER_OK", "context":{"environment":"Prod_JapanEast_000f", "migrationStage":"NotStarted", "server":"GENERAL1100001D"}}
{"logTime": "0620/144120", "correlationVector":"h+KrvJJD2wsVwAEb34nOpB.2","action":"GetUpdates Response", "result":"Success", "context":Received 2 update(s). cV=h+KrvJJD2wsVwAEb34nOpB.0;server=GENERAL1100001D;cloudType=Consumer;environment=Prod_JapanEast_000f;migrationStage=NotStarted}
{"logTime": "0620/145055", "correlationVector":"NoHUrRkptysOhpM2Zw30vj.1","action":"SyncServerConnectionManagerRequest", "result":"SYNC_SERVER_OK", "context":{"environment":"Prod_JapanEast_000f", "migrationStage":"NotStarted", "server":"GENERAL1100001K"}}
{"logTime": "0620/145056", "correlationVector":"NCyPaGu4VquUU4/oeO7HwM","action":"SyncServerConnectionManagerRequest", "result":"SYNC_SERVER_OK", "context":{"environment":"", "migrationStage":"", "server":""}}
{"logTime": "0620/145056", "correlationVector":"NoHUrRkptysOhpM2Zw30vj","action":"Initial GetUpdates", "result":"", "context":Reason: NEW_CLIENT. cV=NoHUrRkptysOhpM2Zw30vj}
{"logTime": "0620/145056", "correlationVector":"NoHUrRkptysOhpM2Zw30vj.2","action":"GetUpdates Response", "result":"Success", "context":Received 1 update(s). cV=NoHUrRkptysOhpM2Zw30vj.0;server=GENERAL1100001K;cloudType=Consumer;environment=Prod_JapanEast_000f;migrationStage=NotStarted}
{"logTime": "0620/145056", "correlationVector":"zC03nrxBrZY9l3TQx/hMMO","action":"Initial GetUpdates", "result":"", "context":Reason: NEWLY_SUPPORTED_DATATYPE. cV=zC03nrxBrZY9l3TQx/hMMO}
{"logTime": "0620/145056", "correlationVector":"zC03nrxBrZY9l3TQx/hMMO.1","action":"SyncServerConnectionManagerRequest", "result":"SYNC_SERVER_OK", "context":{"environment":"Prod_JapanEast_000f", "migrationStage":"NotStarted", "server":"GENERAL1100000C"}}
{"logTime": "0620/145056", "correlationVector":"zC03nrxBrZY9l3TQx/hMMO.2","action":"GetUpdates", "result":"DeleteReceived", "context":{"id":"edae1d8a-83c5-41db-bb22-7cc51e4431f6", "isDeleted:":"true", "version":"1703831686960"}}
{"logTime": "0620/145056", "correlationVector":"zC03nrxBrZY9l3TQx/hMMO.3","action":"GetUpdates", "result":"DeleteReceived", "context":{"id":"ef3463b3-fce2-43be-80d4-4b385b19fd18", "isDeleted:":"true", "version":"1708657352205"}}
{"logTime": "0620/145056", "correlationVector":"zC03nrxBrZY9l3TQx/hMMO.4","action":"GetUpdates", "result":"DeleteReceived", "context":{"id":"aca62cb7-367d-49b7-b7f7-8c489e6d9462", "isDeleted:":"true", "version":"1718611880879"}}
{"logTime": "0620/145056", "correlationVector":"zC03nrxBrZY9l3TQx/hMMO.5","action":"GetUpdates Response", "result":"Success", "context":Received 74 update(s). cV=zC03nrxBrZY9l3TQx/hMMO.0;server=GENERAL1100000C;cloudType=Consumer;environment=Prod_JapanEast_000f;migrationStage=NotStarted}
{"logTime": "0620/145056", "correlationVector":"gVGAFqyG5ih/gVGc3yqn5L","action":"Normal GetUpdate request", "result":"", "context":cV=gVGAFqyG5ih/gVGc3yqn5L
Nudged types: Preferences
Refresh requested types: Bookmarks, Preferences, Passwords, Autofill Profiles, Autofill, Extensions, Extension settings, Device Info, User Consents, Send Tab To Self, Web Apps, Collection, Edge E Drop, Edge Hub App Usage, Edge Wallet, Encryption Keys}
{"logTime": "0620/145057", "correlationVector":"gVGAFqyG5ih/gVGc3yqn5L.1","action":"SyncServerConnectionManagerRequest", "result":"SYNC_SERVER_OK", "context":{"environment":"Prod_JapanEast_000f", "migrationStage":"NotStarted", "server":"GENERAL0100000L"}}
{"logTime": "0620/145057", "correlationVector":"gVGAFqyG5ih/gVGc3yqn5L.2","action":"GetUpdates Response", "result":"Success", "context":Received 0 update(s). cV=gVGAFqyG5ih/gVGc3yqn5L.0;server=GENERAL0100000L;cloudType=Consumer;environment=Prod_JapanEast_000f;migrationStage=NotStarted}
{"logTime": "0620/145057", "correlationVector":"xZM3xLCFoKGX8DHLhf2OdB","action":"Commit Request", "result":"", "context":Item count: 1
Contributing types: Preferences}
{"logTime": "0620/145058", "correlationVector":"xZM3xLCFoKGX8DHLhf2OdB.1","action":"SyncServerConnectionManagerRequest", "result":"SYNC_SERVER_OK", "context":{"environment":"Prod_JapanEast_000f", "migrationStage":"NotStarted", "server":"GENERAL1100000R"}}
{"logTime": "0620/145058", "correlationVector":"xZM3xLCFoKGX8DHLhf2OdB.2","action":"Commit Response", "result":"Success", "context":Result: Success. cV=xZM3xLCFoKGX8DHLhf2OdB.0;server=GENERAL1100000R;cloudType=Consumer;environment=Prod_JapanEast_000f;migrationStage=NotStarted}
{"logTime": "0620/145259", "correlationVector":"tHdC/O54BYJ+HU+eBCPYrV.1","action":"SyncServerConnectionManagerRequest", "result":"SYNC_SERVER_OK", "context":{"environment":"Prod_JapanEast_000f", "migrationStage":"NotStarted", "server":"GENERAL1100001C"}}
{"logTime": "0620/145259", "correlationVector":"pmP935fCVyzpsNU7x5z2Da","action":"SyncServerConnectionManagerRequest", "result":"SYNC_SERVER_OK", "context":{"environment":"", "migrationStage":"", "server":""}}
{"logTime": "0620/145259", "correlationVector":"tHdC/O54BYJ+HU+eBCPYrV","action":"Initial GetUpdates", "result":"", "context":Reason: NEW_CLIENT. cV=tHdC/O54BYJ+HU+eBCPYrV}
{"logTime": "0620/145259", "correlationVector":"tHdC/O54BYJ+HU+eBCPYrV.2","action":"GetUpdates Response", "result":"Success", "context":Received 1 update(s). cV=tHdC/O54BYJ+HU+eBCPYrV.0;server=GENERAL1100001C;cloudType=Consumer;environment=Prod_JapanEast_000f;migrationStage=NotStarted}
{"logTime": "0620/145259", "correlationVector":"AcPiTsE7Y72n+uFRU84UY+","action":"Initial GetUpdates", "result":"", "context":Reason: NEWLY_SUPPORTED_DATATYPE. cV=AcPiTsE7Y72n+uFRU84UY+}
{"logTime": "0620/145259", "correlationVector":"AcPiTsE7Y72n+uFRU84UY+.1","action":"SyncServerConnectionManagerRequest", "result":"SYNC_SERVER_OK", "context":{"environment":"Prod_JapanEast_000f", "migrationStage":"NotStarted", "server":"GENERAL1100001F"}}
{"logTime": "0620/145259", "correlationVector":"AcPiTsE7Y72n+uFRU84UY+.2","action":"GetUpdates", "result":"DeleteReceived", "context":{"id":"edae1d8a-83c5-41db-bb22-7cc51e4431f6", "isDeleted:":"true", "version":"1703831686960"}}
{"logTime": "0620/145259", "correlationVector":"AcPiTsE7Y72n+uFRU84UY+.3","action":"GetUpdates", "result":"DeleteReceived", "context":{"id":"ef3463b3-fce2-43be-80d4-4b385b19fd18", "isDeleted:":"true", "version":"1708657352205"}}
{"logTime": "0620/145259", "correlationVector":"AcPiTsE7Y72n+uFRU84UY+.4","action":"GetUpdates", "result":"DeleteReceived", "context":{"id":"aca62cb7-367d-49b7-b7f7-8c489e6d9462", "isDeleted:":"true", "version":"1718611880879"}}
{"logTime": "0620/145259", "correlationVector":"AcPiTsE7Y72n+uFRU84UY+.5","action":"GetUpdates Response", "result":"Success", "context":Received 74 update(s). cV=AcPiTsE7Y72n+uFRU84UY+.0;server=GENERAL1100001F;cloudType=Consumer;environment=Prod_JapanEast_000f;migrationStage=NotStarted}
{"logTime": "0620/145300", "correlationVector":"DazSJCvbCVH+tMzMhoWE7o","action":"Normal GetUpdate request", "result":"", "context":cV=DazSJCvbCVH+tMzMhoWE7o
Refresh requested types: Bookmarks, Preferences, Passwords, Autofill Profiles, Autofill, Extensions, Extension settings, Device Info, User Consents, Send Tab To Self, Web Apps, Collection, Edge E Drop, Edge Hub App Usage, Edge Wallet, Encryption Keys}
{"logTime": "0620/145300", "correlationVector":"DazSJCvbCVH+tMzMhoWE7o.1","action":"SyncServerConnectionManagerRequest", "result":"SYNC_SERVER_OK", "context":{"environment":"Prod_JapanEast_000f", "migrationStage":"NotStarted", "server":"GENERAL0100000H"}}
{"logTime": "0620/145300", "correlationVector":"DazSJCvbCVH+tMzMhoWE7o.2","action":"GetUpdates Response", "result":"Success", "context":Received 1 update(s). cV=DazSJCvbCVH+tMzMhoWE7o.0;server=GENERAL0100000H;cloudType=Consumer;environment=Prod_JapanEast_000f;migrationStage=NotStarted}
{"logTime": "0620/145301", "correlationVector":"7lfqBFb42S8ot1ZCs7uLV4","action":"Normal GetUpdate request", "result":"", "context":cV=7lfqBFb42S8ot1ZCs7uLV4
Nudged types: Preferences}
{"logTime": "0620/145302", "correlationVector":"7lfqBFb42S8ot1ZCs7uLV4.1","action":"SyncServerConnectionManagerRequest", "result":"SYNC_SERVER_OK", "context":{"environment":"Prod_JapanEast_000f", "migrationStage":"NotStarted", "server":"GENERAL1100000N"}}
{"logTime": "0620/145302", "correlationVector":"7lfqBFb42S8ot1ZCs7uLV4.2","action":"GetUpdates Response", "result":"Success", "context":Received 0 update(s). cV=7lfqBFb42S8ot1ZCs7uLV4.0;server=GENERAL1100000N;cloudType=Consumer;environment=Prod_JapanEast_000f;migrationStage=NotStarted}
{"logTime": "0620/145302", "correlationVector":"Z5Sy3QJ3EJMiyGgaok7AnV","action":"Commit Request", "result":"", "context":Item count: 1
Contributing types: Preferences}
{"logTime": "0620/145303", "correlationVector":"Z5Sy3QJ3EJMiyGgaok7AnV.1","action":"SyncServerConnectionManagerRequest", "result":"SYNC_SERVER_OK", "context":{"environment":"Prod_JapanEast_000f", "migrationStage":"NotStarted", "server":"GENERAL11000009"}}
{"logTime": "0620/145303", "correlationVector":"Z5Sy3QJ3EJMiyGgaok7AnV.2","action":"Commit Response", "result":"Success", "context":Result: Success. cV=Z5Sy3QJ3EJMiyGgaok7AnV.0;server=GENERAL11000009;cloudType=Consumer;environment=Prod_JapanEast_000f;migrationStage=NotStarted}
{"logTime": "0620/145605", "correlationVector":"hYWTPMqzCHbe67KWOphSnM","action":"Commit Request", "result":"", "context":Item count: 1
Contributing types: Autofill}
{"logTime": "0620/145736", "correlationVector":"JEuD4z0Vl4T1GzjaI+5Qgo.1","action":"SyncServerConnectionManagerRequest", "result":"SYNC_SERVER_OK", "context":{"environment":"Prod_JapanEast_000f", "migrationStage":"NotStarted", "server":"GENERAL0100000Z"}}
{"logTime": "0620/145736", "correlationVector":"/BITnpflDR6DScpHnrTOkQ","action":"SyncServerConnectionManagerRequest", "result":"SYNC_SERVER_OK", "context":{"environment":"", "migrationStage":"", "server":""}}
{"logTime": "0620/145736", "correlationVector":"JEuD4z0Vl4T1GzjaI+5Qgo","action":"Initial GetUpdates", "result":"", "context":Reason: NEW_CLIENT. cV=JEuD4z0Vl4T1GzjaI+5Qgo}
{"logTime": "0620/145736", "correlationVector":"JEuD4z0Vl4T1GzjaI+5Qgo.2","action":"GetUpdates Response", "result":"Success", "context":Received 1 update(s). cV=JEuD4z0Vl4T1GzjaI+5Qgo.0;server=GENERAL0100000Z;cloudType=Consumer;environment=Prod_JapanEast_000f;migrationStage=NotStarted}
{"logTime": "0620/145736", "correlationVector":"DRQE7eHHkbROOG3ngMHX+G","action":"Initial GetUpdates", "result":"", "context":Reason: NEWLY_SUPPORTED_DATATYPE. cV=DRQE7eHHkbROOG3ngMHX+G}
{"logTime": "0620/145737", "correlationVector":"DRQE7eHHkbROOG3ngMHX+G.1","action":"SyncServerConnectionManagerRequest", "result":"SYNC_SERVER_OK", "context":{"environment":"Prod_JapanEast_000f", "migrationStage":"NotStarted", "server":"GENERAL11000015"}}
{"logTime": "0620/145737", "correlationVector":"DRQE7eHHkbROOG3ngMHX+G.2","action":"GetUpdates", "result":"DeleteReceived", "context":{"id":"edae1d8a-83c5-41db-bb22-7cc51e4431f6", "isDeleted:":"true", "version":"1703831686960"}}
{"logTime": "0620/145737", "correlationVector":"DRQE7eHHkbROOG3ngMHX+G.3","action":"GetUpdates", "result":"DeleteReceived", "context":{"id":"ef3463b3-fce2-43be-80d4-4b385b19fd18", "isDeleted:":"true", "version":"1708657352205"}}
{"logTime": "0620/145737", "correlationVector":"DRQE7eHHkbROOG3ngMHX+G.4","action":"GetUpdates", "result":"DeleteReceived", "context":{"id":"aca62cb7-367d-49b7-b7f7-8c489e6d9462", "isDeleted:":"true", "version":"1718611880879"}}
{"logTime": "0620/145737", "correlationVector":"DRQE7eHHkbROOG3ngMHX+G.5","action":"GetUpdates Response", "result":"Success", "context":Received 74 update(s). cV=DRQE7eHHkbROOG3ngMHX+G.0;server=GENERAL11000015;cloudType=Consumer;environment=Prod_JapanEast_000f;migrationStage=NotStarted}
{"logTime": "0620/145737", "correlationVector":"UMDC1TgM6phUN/DkoxHrJy","action":"Normal GetUpdate request", "result":"", "context":cV=UMDC1TgM6phUN/DkoxHrJy
Nudged types: Autofill
Refresh requested types: Bookmarks, Preferences, Passwords, Autofill Profiles, Autofill, Extensions, Extension settings, Device Info, User Consents, Send Tab To Self, Web Apps, Collection, Edge E Drop, Edge Hub App Usage, Edge Wallet, Encryption Keys}
{"logTime": "0620/145737", "correlationVector":"UMDC1TgM6phUN/DkoxHrJy.1","action":"SyncServerConnectionManagerRequest", "result":"SYNC_SERVER_OK", "context":{"environment":"Prod_JapanEast_000f", "migrationStage":"NotStarted", "server":"GENERAL11000013"}}
{"logTime": "0620/145737", "correlationVector":"UMDC1TgM6phUN/DkoxHrJy.2","action":"GetUpdates Response", "result":"Success", "context":Received 1 update(s). cV=UMDC1TgM6phUN/DkoxHrJy.0;server=GENERAL11000013;cloudType=Consumer;environment=Prod_JapanEast_000f;migrationStage=NotStarted}
{"logTime": "0620/145737", "correlationVector":"0JKkvnn11g+2XmPpw1KWNE","action":"Commit Request", "result":"", "context":Item count: 2
Contributing types: Preferences, Autofill}
{"logTime": "0620/145738", "correlationVector":"0JKkvnn11g+2XmPpw1KWNE.1","action":"SyncServerConnectionManagerRequest", "result":"SYNC_SERVER_OK", "context":{"environment":"Prod_JapanEast_000f", "migrationStage":"NotStarted", "server":"GENERAL11000012"}}
{"logTime": "0620/145738", "correlationVector":"0JKkvnn11g+2XmPpw1KWNE.2","action":"Commit Response", "result":"Success", "context":Result: Success. cV=0JKkvnn11g+2XmPpw1KWNE.0;server=GENERAL11000012;cloudType=Consumer;environment=Prod_JapanEast_000f;migrationStage=NotStarted}
{"logTime": "0620/145740", "correlationVector":"5suljDBgo94yH7+ocVpVTF","action":"Normal GetUpdate request", "result":"", "context":cV=5suljDBgo94yH7+ocVpVTF
Nudged types: Preferences, Autofill}
{"logTime": "0620/145741", "correlationVector":"5suljDBgo94yH7+ocVpVTF.1","action":"SyncServerConnectionManagerRequest", "result":"SYNC_SERVER_OK", "context":{"environment":"Prod_JapanEast_000f", "migrationStage":"NotStarted", "server":"GENERAL1100001P"}}
{"logTime": "0620/145741", "correlationVector":"5suljDBgo94yH7+ocVpVTF.2","action":"GetUpdates Response", "result":"Success", "context":Received 2 update(s). cV=5suljDBgo94yH7+ocVpVTF.0;server=GENERAL1100001P;cloudType=Consumer;environment=Prod_JapanEast_000f;migrationStage=NotStarted}
{"logTime": "0620/145814", "correlationVector":"fqAS4qRymXC/nEWzv9PBkl","action":"Commit Request", "result":"", "context":Item count: 1
Contributing types: Autofill}
{"logTime": "0620/145815", "correlationVector":"fqAS4qRymXC/nEWzv9PBkl.1","action":"SyncServerConnectionManagerRequest", "result":"SYNC_SERVER_OK", "context":{"environment":"Prod_JapanEast_000f", "migrationStage":"NotStarted", "server":"GENERAL1100000T"}}
{"logTime": "0620/145815", "correlationVector":"fqAS4qRymXC/nEWzv9PBkl.2","action":"Commit Response", "result":"Success", "context":Result: Success. cV=fqAS4qRymXC/nEWzv9PBkl.0;server=GENERAL1100000T;cloudType=Consumer;environment=Prod_JapanEast_000f;migrationStage=NotStarted}
{"logTime": "0620/150102", "correlationVector":"MoTtsnU62Ld4sUJ2eDY6fU","action":"Commit Request", "result":"", "context":Item count: 1
Contributing types: Autofill}
{"logTime": "0620/150103", "correlationVector":"MoTtsnU62Ld4sUJ2eDY6fU.1","action":"SyncServerConnectionManagerRequest", "result":"SYNC_SERVER_OK", "context":{"environment":"Prod_JapanEast_000f", "migrationStage":"NotStarted", "server":"GENERAL1100000P"}}
{"logTime": "0620/150103", "correlationVector":"MoTtsnU62Ld4sUJ2eDY6fU.2","action":"Commit Response", "result":"Success", "context":Result: Success. cV=MoTtsnU62Ld4sUJ2eDY6fU.0;server=GENERAL1100000P;cloudType=Consumer;environment=Prod_JapanEast_000f;migrationStage=NotStarted}
{"logTime": "0620/150222", "correlationVector":"tyRFDR4ZYCByWTuVkuoXJX.1","action":"SyncServerConnectionManagerRequest", "result":"SYNC_SERVER_OK", "context":{"environment":"Prod_JapanEast_000f", "migrationStage":"NotStarted", "server":"GENERAL1100001M"}}
{"logTime": "0620/150222", "correlationVector":"rPao5u+HmVPGTS9V6HTp0x","action":"SyncServerConnectionManagerRequest", "result":"SYNC_SERVER_OK", "context":{"environment":"", "migrationStage":"", "server":""}}
{"logTime": "0620/150222", "correlationVector":"tyRFDR4ZYCByWTuVkuoXJX","action":"Initial GetUpdates", "result":"", "context":Reason: NEW_CLIENT. cV=tyRFDR4ZYCByWTuVkuoXJX}
{"logTime": "0620/150222", "correlationVector":"tyRFDR4ZYCByWTuVkuoXJX.2","action":"GetUpdates Response", "result":"Success", "context":Received 1 update(s). cV=tyRFDR4ZYCByWTuVkuoXJX.0;server=GENERAL1100001M;cloudType=Consumer;environment=Prod_JapanEast_000f;migrationStage=NotStarted}
{"logTime": "0620/150222", "correlationVector":"SvMKjD94VQhYnpnjD0INou","action":"Initial GetUpdates", "result":"", "context":Reason: NEWLY_SUPPORTED_DATATYPE. cV=SvMKjD94VQhYnpnjD0INou}
{"logTime": "0620/150222", "correlationVector":"SvMKjD94VQhYnpnjD0INou.1","action":"SyncServerConnectionManagerRequest", "result":"SYNC_SERVER_OK", "context":{"environment":"Prod_JapanEast_000f", "migrationStage":"NotStarted", "server":"GENERAL11000012"}}
{"logTime": "0620/150222", "correlationVector":"SvMKjD94VQhYnpnjD0INou.2","action":"GetUpdates", "result":"DeleteReceived", "context":{"id":"edae1d8a-83c5-41db-bb22-7cc51e4431f6", "isDeleted:":"true", "version":"1703831686960"}}
{"logTime": "0620/150222", "correlationVector":"SvMKjD94VQhYnpnjD0INou.3","action":"GetUpdates", "result":"DeleteReceived", "context":{"id":"ef3463b3-fce2-43be-80d4-4b385b19fd18", "isDeleted:":"true", "version":"1708657352205"}}
{"logTime": "0620/150223", "correlationVector":"SvMKjD94VQhYnpnjD0INou.4","action":"GetUpdates", "result":"DeleteReceived", "context":{"id":"aca62cb7-367d-49b7-b7f7-8c489e6d9462", "isDeleted:":"true", "version":"1718611880879"}}
{"logTime": "0620/150223", "correlationVector":"SvMKjD94VQhYnpnjD0INou.5","action":"GetUpdates Response", "result":"Success", "context":Received 74 update(s). cV=SvMKjD94VQhYnpnjD0INou.0;server=GENERAL11000012;cloudType=Consumer;environment=Prod_JapanEast_000f;migrationStage=NotStarted}
{"logTime": "0620/150223", "correlationVector":"qsUDm4NGdM2EIIfHc6GfSG","action":"Normal GetUpdate request", "result":"", "context":cV=qsUDm4NGdM2EIIfHc6GfSG
Refresh requested types: Bookmarks, Preferences, Passwords, Autofill Profiles, Autofill, Extensions, Extension settings, Device Info, User Consents, Send Tab To Self, Web Apps, Collection, Edge E Drop, Edge Hub App Usage, Edge Wallet, Encryption Keys}
{"logTime": "0620/150223", "correlationVector":"qsUDm4NGdM2EIIfHc6GfSG.1","action":"SyncServerConnectionManagerRequest", "result":"SYNC_SERVER_OK", "context":{"environment":"Prod_JapanEast_000f", "migrationStage":"NotStarted", "server":"GENERAL1100001G"}}
{"logTime": "0620/150223", "correlationVector":"qsUDm4NGdM2EIIfHc6GfSG.2","action":"GetUpdates Response", "result":"Success", "context":Received 2 update(s). cV=qsUDm4NGdM2EIIfHc6GfSG.0;server=GENERAL1100001G;cloudType=Consumer;environment=Prod_JapanEast_000f;migrationStage=NotStarted}
{"logTime": "0620/150225", "correlationVector":"e7TmISo+NxHBXfZwhRRA4F","action":"Normal GetUpdate request", "result":"", "context":cV=e7TmISo+NxHBXfZwhRRA4F
Nudged types: Preferences}
{"logTime": "0620/150225", "correlationVector":"e7TmISo+NxHBXfZwhRRA4F.1","action":"SyncServerConnectionManagerRequest", "result":"SYNC_SERVER_OK", "context":{"environment":"Prod_JapanEast_000f", "migrationStage":"NotStarted", "server":"GENERAL0100001R"}}
{"logTime": "0620/150225", "correlationVector":"e7TmISo+NxHBXfZwhRRA4F.2","action":"GetUpdates Response", "result":"Success", "context":Received 0 update(s). cV=e7TmISo+NxHBXfZwhRRA4F.0;server=GENERAL0100001R;cloudType=Consumer;environment=Prod_JapanEast_000f;migrationStage=NotStarted}
{"logTime": "0620/150225", "correlationVector":"E6gBF9GFO0xwwh1hCcaKlg","action":"Commit Request", "result":"", "context":Item count: 1
Contributing types: Preferences}
{"logTime": "0620/150226", "correlationVector":"E6gBF9GFO0xwwh1hCcaKlg.1","action":"SyncServerConnectionManagerRequest", "result":"SYNC_SERVER_OK", "context":{"environment":"Prod_JapanEast_000f", "migrationStage":"NotStarted", "server":"GENERAL11000006"}}
{"logTime": "0620/150226", "correlationVector":"E6gBF9GFO0xwwh1hCcaKlg.2","action":"Commit Response", "result":"Success", "context":Result: Success. cV=E6gBF9GFO0xwwh1hCcaKlg.0;server=GENERAL11000006;cloudType=Consumer;environment=Prod_JapanEast_000f;migrationStage=NotStarted}
{"logTime": "0620/150240", "correlationVector":"LAWZpfdhJBEDOWll6BRR2s","action":"Commit Request", "result":"", "context":Item count: 1
Contributing types: Preferences}
{"logTime": "0620/150241", "correlationVector":"LAWZpfdhJBEDOWll6BRR2s.1","action":"SyncServerConnectionManagerRequest", "result":"SYNC_SERVER_OK", "context":{"environment":"Prod_JapanEast_000f", "migrationStage":"NotStarted", "server":"GENERAL1100001A"}}
{"logTime": "0620/150241", "correlationVector":"LAWZpfdhJBEDOWll6BRR2s.2","action":"Commit Response", "result":"Success", "context":Result: Success. cV=LAWZpfdhJBEDOWll6BRR2s.0;server=GENERAL1100001A;cloudType=Consumer;environment=Prod_JapanEast_000f;migrationStage=NotStarted}
{"logTime": "0620/150719", "correlationVector":"S8UEED19QUXU+EadSlIuWd","action":"Normal GetUpdate request", "result":"", "context":cV=S8UEED19QUXU+EadSlIuWd
Refresh requested types: Bookmarks, Preferences, Passwords, Autofill Profiles, Autofill, Extensions, Extension settings, Device Info, User Consents, Send Tab To Self, Web Apps, Collection, Edge E Drop, Edge Hub App Usage, Edge Wallet, Encryption Keys}
{"logTime": "0620/150725", "correlationVector":"S8UEED19QUXU+EadSlIuWd.1","action":"SyncServerConnectionManagerRequest", "result":"SYNC_SERVER_OK", "context":{"environment":"Prod_JapanEast_000f", "migrationStage":"NotStarted", "server":"GENERAL11000009"}}
{"logTime": "0620/150725", "correlationVector":"S8UEED19QUXU+EadSlIuWd.2","action":"GetUpdates Response", "result":"Success", "context":Received 2 update(s). cV=S8UEED19QUXU+EadSlIuWd.0;server=GENERAL11000009;cloudType=Consumer;environment=Prod_JapanEast_000f;migrationStage=NotStarted}
{"logTime": "0620/151204", "correlationVector":"E49A+Mc/n+8g5l49JtK4l3","action":"Commit Request", "result":"", "context":Item count: 1
Contributing types: Autofill}
{"logTime": "0620/151205", "correlationVector":"E49A+Mc/n+8g5l49JtK4l3.1","action":"SyncServerConnectionManagerRequest", "result":"SYNC_SERVER_OK", "context":{"environment":"Prod_JapanEast_000f", "migrationStage":"NotStarted", "server":"GENERAL1100000G"}}
{"logTime": "0620/151205", "correlationVector":"E49A+Mc/n+8g5l49JtK4l3.2","action":"Commit Response", "result":"Success", "context":Result: Success. cV=E49A+Mc/n+8g5l49JtK4l3.0;server=GENERAL1100000G;cloudType=Consumer;environment=Prod_JapanEast_000f;migrationStage=NotStarted}
{"logTime": "0621/052837", "correlationVector":"VE6ZU0jVxgHiE3Eg7sc2oM.1","action":"SyncServerConnectionManagerRequest", "result":"SYNC_SERVER_OK", "context":{"environment":"Prod_JapanEast_000f", "migrationStage":"NotStarted", "server":"GENERAL1100000Y"}}
{"logTime": "0621/052837", "correlationVector":"fj6i+yFVuo9UvtiH8fg7AM","action":"SyncServerConnectionManagerRequest", "result":"SYNC_SERVER_OK", "context":{"environment":"", "migrationStage":"", "server":""}}
{"logTime": "0621/052837", "correlationVector":"VE6ZU0jVxgHiE3Eg7sc2oM","action":"Initial GetUpdates", "result":"", "context":Reason: NEW_CLIENT. cV=VE6ZU0jVxgHiE3Eg7sc2oM}
{"logTime": "0621/052837", "correlationVector":"VE6ZU0jVxgHiE3Eg7sc2oM.2","action":"GetUpdates Response", "result":"Success", "context":Received 1 update(s). cV=VE6ZU0jVxgHiE3Eg7sc2oM.0;server=GENERAL1100000Y;cloudType=Consumer;environment=Prod_JapanEast_000f;migrationStage=NotStarted}
{"logTime": "0621/052837", "correlationVector":"jcNDK4kGa6fMaOlVuqzMnE","action":"Initial GetUpdates", "result":"", "context":Reason: NEWLY_SUPPORTED_DATATYPE. cV=jcNDK4kGa6fMaOlVuqzMnE}
{"logTime": "0621/052838", "correlationVector":"jcNDK4kGa6fMaOlVuqzMnE.1","action":"SyncServerConnectionManagerRequest", "result":"SYNC_SERVER_OK", "context":{"environment":"Prod_JapanEast_000f", "migrationStage":"NotStarted", "server":"GENERAL11000007"}}
{"logTime": "0621/052838", "correlationVector":"jcNDK4kGa6fMaOlVuqzMnE.2","action":"GetUpdates", "result":"DeleteReceived", "context":{"id":"edae1d8a-83c5-41db-bb22-7cc51e4431f6", "isDeleted:":"true", "version":"1703831686960"}}
{"logTime": "0621/052838", "correlationVector":"jcNDK4kGa6fMaOlVuqzMnE.3","action":"GetUpdates", "result":"DeleteReceived", "context":{"id":"ef3463b3-fce2-43be-80d4-4b385b19fd18", "isDeleted:":"true", "version":"1708657352205"}}
{"logTime": "0621/052838", "correlationVector":"jcNDK4kGa6fMaOlVuqzMnE.4","action":"GetUpdates", "result":"DeleteReceived", "context":{"id":"aca62cb7-367d-49b7-b7f7-8c489e6d9462", "isDeleted:":"true", "version":"1718611880879"}}
{"logTime": "0621/052838", "correlationVector":"jcNDK4kGa6fMaOlVuqzMnE.5","action":"GetUpdates Response", "result":"Success", "context":Received 74 update(s). cV=jcNDK4kGa6fMaOlVuqzMnE.0;server=GENERAL11000007;cloudType=Consumer;environment=Prod_JapanEast_000f;migrationStage=NotStarted}
{"logTime": "0621/052838", "correlationVector":"yvWtJzFNS6mLzv9y6XjIDU","action":"Normal GetUpdate request", "result":"", "context":cV=yvWtJzFNS6mLzv9y6XjIDU
Nudged types: Preferences, Autofill
Refresh requested types: Bookmarks, Preferences, Passwords, Autofill Profiles, Autofill, Extensions, Extension settings, Device Info, User Consents, Send Tab To Self, Web Apps, Collection, Edge E Drop, Edge Hub App Usage, Edge Wallet, Encryption Keys}
{"logTime": "0621/052839", "correlationVector":"yvWtJzFNS6mLzv9y6XjIDU.1","action":"SyncServerConnectionManagerRequest", "result":"SYNC_SERVER_OK", "context":{"environment":"Prod_JapanEast_000f", "migrationStage":"NotStarted", "server":"GENERAL0100000F"}}
{"logTime": "0621/052839", "correlationVector":"yvWtJzFNS6mLzv9y6XjIDU.2","action":"GetUpdates Response", "result":"Success", "context":Received 6 update(s). cV=yvWtJzFNS6mLzv9y6XjIDU.0;server=GENERAL0100000F;cloudType=Consumer;environment=Prod_JapanEast_000f;migrationStage=NotStarted}
{"logTime": "0621/052839", "correlationVector":"xEHEQdYj1VOx8Iejy6Z6Ww","action":"Commit Request", "result":"", "context":Item count: 2
Contributing types: Preferences, Autofill}
{"logTime": "0621/052840", "correlationVector":"xEHEQdYj1VOx8Iejy6Z6Ww.1","action":"SyncServerConnectionManagerRequest", "result":"SYNC_SERVER_OK", "context":{"environment":"Prod_JapanEast_000f", "migrationStage":"NotStarted", "server":"GENERAL1100001M"}}
{"logTime": "0621/052840", "correlationVector":"xEHEQdYj1VOx8Iejy6Z6Ww.2","action":"Commit Response", "result":"Success", "context":Result: Success. cV=xEHEQdYj1VOx8Iejy6Z6Ww.0;server=GENERAL1100001M;cloudType=Consumer;environment=Prod_JapanEast_000f;migrationStage=NotStarted}
{"logTime": "0621/052840", "correlationVector":"5LPwNDbyGIOGz6N8dp+x1m","action":"Normal GetUpdate request", "result":"", "context":cV=5LPwNDbyGIOGz6N8dp+x1m
Nudged types: Preferences, Autofill}
{"logTime": "0621/052841", "correlationVector":"5LPwNDbyGIOGz6N8dp+x1m.1","action":"SyncServerConnectionManagerRequest", "result":"SYNC_SERVER_OK", "context":{"environment":"Prod_JapanEast_000f", "migrationStage":"NotStarted", "server":"GENERAL0100000N"}}
{"logTime": "0621/052841", "correlationVector":"5LPwNDbyGIOGz6N8dp+x1m.2","action":"GetUpdates Response", "result":"Success", "context":Received 2 update(s). cV=5LPwNDbyGIOGz6N8dp+x1m.0;server=GENERAL0100000N;cloudType=Consumer;environment=Prod_JapanEast_000f;migrationStage=NotStarted}
{"logTime": "0621/052841", "correlationVector":"2m41uAVDUchxi2lWBUFzFL","action":"Poll GetUpdate request", "result":"", "context":cV=2m41uAVDUchxi2lWBUFzFL}
{"logTime": "0621/052842", "correlationVector":"2m41uAVDUchxi2lWBUFzFL.1","action":"SyncServerConnectionManagerRequest", "result":"SYNC_SERVER_OK", "context":{"environment":"Prod_JapanEast_000f", "migrationStage":"NotStarted", "server":"GENERAL11000001"}}
{"logTime": "0621/052842", "correlationVector":"2m41uAVDUchxi2lWBUFzFL.2","action":"GetUpdates Response", "result":"Success", "context":Received 0 update(s). cV=2m41uAVDUchxi2lWBUFzFL.0;server=GENERAL11000001;cloudType=Consumer;environment=Prod_JapanEast_000f;migrationStage=NotStarted}
{"logTime": "0621/060325", "correlationVector":"XM8n41uR8gHLTaasYIPEVe.1","action":"SyncServerConnectionManagerRequest", "result":"SYNC_SERVER_OK", "context":{"environment":"Prod_JapanEast_000f", "migrationStage":"NotStarted", "server":"GENERAL1100000H"}}
{"logTime": "0621/060326", "correlationVector":"/UZlH32eru859bxYHgh1HW","action":"SyncServerConnectionManagerRequest", "result":"SYNC_SERVER_OK", "context":{"environment":"", "migrationStage":"", "server":""}}
{"logTime": "0621/060326", "correlationVector":"XM8n41uR8gHLTaasYIPEVe","action":"Initial GetUpdates", "result":"", "context":Reason: NEW_CLIENT. cV=XM8n41uR8gHLTaasYIPEVe}
{"logTime": "0621/060326", "correlationVector":"XM8n41uR8gHLTaasYIPEVe.2","action":"GetUpdates Response", "result":"Success", "context":Received 1 update(s). cV=XM8n41uR8gHLTaasYIPEVe.0;server=GENERAL1100000H;cloudType=Consumer;environment=Prod_JapanEast_000f;migrationStage=NotStarted}
{"logTime": "0621/060326", "correlationVector":"o43tRF83ZlpVMrSj/KdUAw","action":"Initial GetUpdates", "result":"", "context":Reason: NEWLY_SUPPORTED_DATATYPE. cV=o43tRF83ZlpVMrSj/KdUAw}
{"logTime": "0621/060328", "correlationVector":"o43tRF83ZlpVMrSj/KdUAw.1","action":"SyncServerConnectionManagerRequest", "result":"SYNC_SERVER_OK", "context":{"environment":"Prod_JapanEast_000f", "migrationStage":"NotStarted", "server":"GENERAL1100000B"}}
{"logTime": "0621/060328", "correlationVector":"o43tRF83ZlpVMrSj/KdUAw.2","action":"GetUpdates", "result":"DeleteReceived", "context":{"id":"edae1d8a-83c5-41db-bb22-7cc51e4431f6", "isDeleted:":"true", "version":"1703831686960"}}
{"logTime": "0621/060328", "correlationVector":"o43tRF83ZlpVMrSj/KdUAw.3","action":"GetUpdates", "result":"DeleteReceived", "context":{"id":"ef3463b3-fce2-43be-80d4-4b385b19fd18", "isDeleted:":"true", "version":"1708657352205"}}
{"logTime": "0621/060328", "correlationVector":"o43tRF83ZlpVMrSj/KdUAw.4","action":"GetUpdates", "result":"DeleteReceived", "context":{"id":"aca62cb7-367d-49b7-b7f7-8c489e6d9462", "isDeleted:":"true", "version":"1718611880879"}}
{"logTime": "0621/060328", "correlationVector":"o43tRF83ZlpVMrSj/KdUAw.5","action":"GetUpdates Response", "result":"Success", "context":Received 74 update(s). cV=o43tRF83ZlpVMrSj/KdUAw.0;server=GENERAL1100000B;cloudType=Consumer;environment=Prod_JapanEast_000f;migrationStage=NotStarted}
{"logTime": "0621/060328", "correlationVector":"3zovBIrZD3pBFHjwFS2rqj","action":"Normal GetUpdate request", "result":"", "context":cV=3zovBIrZD3pBFHjwFS2rqj
Nudged types: Preferences, Device Info
Refresh requested types: Bookmarks, Preferences, Passwords, Autofill Profiles, Autofill, Extensions, Extension settings, Device Info, User Consents, Send Tab To Self, Web Apps, Collection, Edge E Drop, Edge Hub App Usage, Edge Wallet, Encryption Keys}
{"logTime": "0621/060329", "correlationVector":"3zovBIrZD3pBFHjwFS2rqj.1","action":"SyncServerConnectionManagerRequest", "result":"SYNC_SERVER_OK", "context":{"environment":"Prod_JapanEast_000f", "migrationStage":"NotStarted", "server":"GENERAL11000012"}}
{"logTime": "0621/060329", "correlationVector":"3zovBIrZD3pBFHjwFS2rqj.2","action":"GetUpdates Response", "result":"Success", "context":Received 5 update(s). cV=3zovBIrZD3pBFHjwFS2rqj.0;server=GENERAL11000012;cloudType=Consumer;environment=Prod_JapanEast_000f;migrationStage=NotStarted}
{"logTime": "0621/060329", "correlationVector":"ZWSf/qfiC8Kbx/VSYfIkMG","action":"Commit Request", "result":"", "context":Item count: 2
Contributing types: Preferences, Device Info}
{"logTime": "0621/060331", "correlationVector":"ZWSf/qfiC8Kbx/VSYfIkMG.1","action":"SyncServerConnectionManagerRequest", "result":"SYNC_SERVER_OK", "context":{"environment":"Prod_JapanEast_000f", "migrationStage":"NotStarted", "server":"GENERAL1100001D"}}
{"logTime": "0621/060331", "correlationVector":"ZWSf/qfiC8Kbx/VSYfIkMG.2","action":"Commit Response", "result":"Success", "context":Result: Success. cV=ZWSf/qfiC8Kbx/VSYfIkMG.0;server=GENERAL1100001D;cloudType=Consumer;environment=Prod_JapanEast_000f;migrationStage=NotStarted}
{"logTime": "0621/060331", "correlationVector":"JYY8/czXO0bq++ml8gb4G1","action":"Normal GetUpdate request", "result":"", "context":cV=JYY8/czXO0bq++ml8gb4G1
Nudged types: Preferences, Device Info}
{"logTime": "0621/060332", "correlationVector":"JYY8/czXO0bq++ml8gb4G1.1","action":"SyncServerConnectionManagerRequest", "result":"SYNC_SERVER_OK", "context":{"environment":"Prod_JapanEast_000f", "migrationStage":"NotStarted", "server":"GENERAL0100000O"}}
{"logTime": "0621/060332", "correlationVector":"JYY8/czXO0bq++ml8gb4G1.2","action":"GetUpdates Response", "result":"Success", "context":Received 2 update(s). cV=JYY8/czXO0bq++ml8gb4G1.0;server=GENERAL0100000O;cloudType=Consumer;environment=Prod_JapanEast_000f;migrationStage=NotStarted}
{"logTime": "0621/104117", "correlationVector":"o9BBgzhyHA3hdPm97JkUFC","action":"SyncServerConnectionManagerRequest", "result":"CONNECTION_UNAVAILABLE", "context":{"error_type":"net_error_code", "error_value":"-130"}}
{"logTime": "0621/113903", "correlationVector":"lomFNI9Y99mF2qq+k0o9so.1","action":"SyncServerConnectionManagerRequest", "result":"SYNC_SERVER_OK", "context":{"environment":"Prod_JapanEast_000f", "migrationStage":"NotStarted", "server":"GENERAL0100000E"}}
{"logTime": "0621/113904", "correlationVector":"s3C3xV3sGCsbCMZB1fapN7","action":"SyncServerConnectionManagerRequest", "result":"SYNC_SERVER_OK", "context":{"environment":"", "migrationStage":"", "server":""}}
{"logTime": "0621/113904", "correlationVector":"lomFNI9Y99mF2qq+k0o9so","action":"Initial GetUpdates", "result":"", "context":Reason: NEW_CLIENT. cV=lomFNI9Y99mF2qq+k0o9so}
{"logTime": "0621/113904", "correlationVector":"lomFNI9Y99mF2qq+k0o9so.2","action":"GetUpdates Response", "result":"Success", "context":Received 1 update(s). cV=lomFNI9Y99mF2qq+k0o9so.0;server=GENERAL0100000E;cloudType=Consumer;environment=Prod_JapanEast_000f;migrationStage=NotStarted}
{"logTime": "0621/113904", "correlationVector":"8nb8HzEpOin0FMuxcNjJkW","action":"Initial GetUpdates", "result":"", "context":Reason: NEWLY_SUPPORTED_DATATYPE. cV=8nb8HzEpOin0FMuxcNjJkW}
{"logTime": "0621/113906", "correlationVector":"8nb8HzEpOin0FMuxcNjJkW.1","action":"SyncServerConnectionManagerRequest", "result":"SYNC_SERVER_OK", "context":{"environment":"Prod_JapanEast_000f", "migrationStage":"NotStarted", "server":"GENERAL1100000D"}}
{"logTime": "0621/113906", "correlationVector":"8nb8HzEpOin0FMuxcNjJkW.2","action":"GetUpdates", "result":"DeleteReceived", "context":{"id":"edae1d8a-83c5-41db-bb22-7cc51e4431f6", "isDeleted:":"true", "version":"1703831686960"}}
{"logTime": "0621/113906", "correlationVector":"8nb8HzEpOin0FMuxcNjJkW.3","action":"GetUpdates", "result":"DeleteReceived", "context":{"id":"ef3463b3-fce2-43be-80d4-4b385b19fd18", "isDeleted:":"true", "version":"1708657352205"}}
{"logTime": "0621/113906", "correlationVector":"8nb8HzEpOin0FMuxcNjJkW.4","action":"GetUpdates", "result":"DeleteReceived", "context":{"id":"aca62cb7-367d-49b7-b7f7-8c489e6d9462", "isDeleted:":"true", "version":"1718611880879"}}
{"logTime": "0621/113906", "correlationVector":"8nb8HzEpOin0FMuxcNjJkW.5","action":"GetUpdates Response", "result":"Success", "context":Received 74 update(s). cV=8nb8HzEpOin0FMuxcNjJkW.0;server=GENERAL1100000D;cloudType=Consumer;environment=Prod_JapanEast_000f;migrationStage=NotStarted}
{"logTime": "0621/113906", "correlationVector":"otuOUkBWm8Bs5PTgbv6nQW","action":"Normal GetUpdate request", "result":"", "context":cV=otuOUkBWm8Bs5PTgbv6nQW
Nudged types: Preferences
Refresh requested types: Bookmarks, Preferences, Passwords, Autofill Profiles, Autofill, Extensions, Extension settings, Device Info, User Consents, Send Tab To Self, Web Apps, Collection, Edge E Drop, Edge Hub App Usage, Edge Wallet, Encryption Keys}
{"logTime": "0621/113906", "correlationVector":"otuOUkBWm8Bs5PTgbv6nQW.1","action":"SyncServerConnectionManagerRequest", "result":"SYNC_SERVER_OK", "context":{"environment":"Prod_JapanEast_000f", "migrationStage":"NotStarted", "server":"GENERAL11000002"}}
{"logTime": "0621/113906", "correlationVector":"otuOUkBWm8Bs5PTgbv6nQW.2","action":"GetUpdates Response", "result":"Success", "context":Received 3 update(s). cV=otuOUkBWm8Bs5PTgbv6nQW.0;server=GENERAL11000002;cloudType=Consumer;environment=Prod_JapanEast_000f;migrationStage=NotStarted}
{"logTime": "0621/113907", "correlationVector":"hz4YQ0ooo5hZFIigzcWOOl","action":"Commit Request", "result":"", "context":Item count: 2
Contributing types: Preferences}
{"logTime": "0621/113908", "correlationVector":"hz4YQ0ooo5hZFIigzcWOOl.1","action":"SyncServerConnectionManagerRequest", "result":"SYNC_SERVER_OK", "context":{"environment":"Prod_JapanEast_000f", "migrationStage":"NotStarted", "server":"GENERAL1100000K"}}
{"logTime": "0621/113908", "correlationVector":"hz4YQ0ooo5hZFIigzcWOOl.2","action":"Commit Response", "result":"Success", "context":Result: Success. cV=hz4YQ0ooo5hZFIigzcWOOl.0;server=GENERAL1100000K;cloudType=Consumer;environment=Prod_JapanEast_000f;migrationStage=NotStarted}
{"logTime": "0621/113910", "correlationVector":"fZ90UMc/b++wEFG7Ppva9k","action":"Normal GetUpdate request", "result":"", "context":cV=fZ90UMc/b++wEFG7Ppva9k
Nudged types: Preferences}
{"logTime": "0621/113910", "correlationVector":"fZ90UMc/b++wEFG7Ppva9k.1","action":"SyncServerConnectionManagerRequest", "result":"SYNC_SERVER_OK", "context":{"environment":"Prod_JapanEast_000f", "migrationStage":"NotStarted", "server":"GENERAL1100001P"}}
{"logTime": "0621/113910", "correlationVector":"fZ90UMc/b++wEFG7Ppva9k.2","action":"GetUpdates Response", "result":"Success", "context":Received 2 update(s). cV=fZ90UMc/b++wEFG7Ppva9k.0;server=GENERAL1100001P;cloudType=Consumer;environment=Prod_JapanEast_000f;migrationStage=NotStarted}
{"logTime": "0621/125428", "correlationVector":"9FclOaPZNnXzzV/ofjtmLm","action":"SyncServerConnectionManagerRequest", "result":"CONNECTION_UNAVAILABLE", "context":{"error_type":"net_error_code", "error_value":"-100"}}
{"logTime": "0621/125428", "correlationVector":"vaadWa00vIQG9Y/i9Pws6z.1","action":"SyncServerConnectionManagerRequest", "result":"SYNC_SERVER_OK", "context":{"environment":"", "migrationStage":"", "server":""}}
{"logTime": "0621/125514", "correlationVector":"wPRAABERRrNlGvh7SpV0Wp.1","action":"SyncServerConnectionManagerRequest", "result":"SYNC_SERVER_OK", "context":{"environment":"Prod_JapanEast_000f", "migrationStage":"NotStarted", "server":"GENERAL1100000U"}}
{"logTime": "0621/125514", "correlationVector":"9FclOaPZNnXzzV/ofjtmLm","action":"Initial GetUpdates", "result":"", "context":Reason: NEW_CLIENT. cV=9FclOaPZNnXzzV/ofjtmLm}
{"logTime": "0621/125514", "correlationVector":"vaadWa00vIQG9Y/i9Pws6z.0","action":"GetUpdates Response", "result":"Network error (ERR_CONNECTION_CLOSED)", "context":Received error: Network error (ERR_CONNECTION_CLOSED). }
{"logTime": "0621/125514", "correlationVector":"wPRAABERRrNlGvh7SpV0Wp","action":"Initial GetUpdates", "result":"", "context":Reason: NEW_CLIENT. cV=wPRAABERRrNlGvh7SpV0Wp}
{"logTime": "0621/125514", "correlationVector":"wPRAABERRrNlGvh7SpV0Wp.2","action":"GetUpdates Response", "result":"Success", "context":Received 1 update(s). cV=wPRAABERRrNlGvh7SpV0Wp.0;server=GENERAL1100000U;cloudType=Consumer;environment=Prod_JapanEast_000f;migrationStage=NotStarted}
{"logTime": "0621/125514", "correlationVector":"3RChh4xv9OfszKdZsyzR3e","action":"Initial GetUpdates", "result":"", "context":Reason: NEWLY_SUPPORTED_DATATYPE. cV=3RChh4xv9OfszKdZsyzR3e}
{"logTime": "0621/125515", "correlationVector":"3RChh4xv9OfszKdZsyzR3e.1","action":"SyncServerConnectionManagerRequest", "result":"SYNC_SERVER_OK", "context":{"environment":"Prod_JapanEast_000f", "migrationStage":"NotStarted", "server":"GENERAL11000015"}}
{"logTime": "0621/125515", "correlationVector":"3RChh4xv9OfszKdZsyzR3e.2","action":"GetUpdates", "result":"DeleteReceived", "context":{"id":"edae1d8a-83c5-41db-bb22-7cc51e4431f6", "isDeleted:":"true", "version":"1703831686960"}}
{"logTime": "0621/125515", "correlationVector":"3RChh4xv9OfszKdZsyzR3e.3","action":"GetUpdates", "result":"DeleteReceived", "context":{"id":"ef3463b3-fce2-43be-80d4-4b385b19fd18", "isDeleted:":"true", "version":"1708657352205"}}
{"logTime": "0621/125515", "correlationVector":"3RChh4xv9OfszKdZsyzR3e.4","action":"GetUpdates", "result":"DeleteReceived", "context":{"id":"aca62cb7-367d-49b7-b7f7-8c489e6d9462", "isDeleted:":"true", "version":"1718611880879"}}
{"logTime": "0621/125515", "correlationVector":"3RChh4xv9OfszKdZsyzR3e.5","action":"GetUpdates Response", "result":"Success", "context":Received 74 update(s). cV=3RChh4xv9OfszKdZsyzR3e.0;server=GENERAL11000015;cloudType=Consumer;environment=Prod_JapanEast_000f;migrationStage=NotStarted}
{"logTime": "0621/125515", "correlationVector":"JtyjiDhqXK+Pt/zzNl16vn","action":"Normal GetUpdate request", "result":"", "context":cV=JtyjiDhqXK+Pt/zzNl16vn
Nudged types: Preferences
Refresh requested types: Bookmarks, Preferences, Passwords, Autofill Profiles, Autofill, Extensions, Extension settings, Device Info, User Consents, Send Tab To Self, Web Apps, Collection, Edge E Drop, Edge Hub App Usage, Edge Wallet, Encryption Keys}
{"logTime": "0621/125515", "correlationVector":"JtyjiDhqXK+Pt/zzNl16vn.1","action":"SyncServerConnectionManagerRequest", "result":"SYNC_SERVER_OK", "context":{"environment":"Prod_JapanEast_000f", "migrationStage":"NotStarted", "server":"GENERAL1100001P"}}
{"logTime": "0621/125515", "correlationVector":"JtyjiDhqXK+Pt/zzNl16vn.2","action":"GetUpdates Response", "result":"Success", "context":Received 8 update(s). cV=JtyjiDhqXK+Pt/zzNl16vn.0;server=GENERAL1100001P;cloudType=Consumer;environment=Prod_JapanEast_000f;migrationStage=NotStarted}
{"logTime": "0621/125515", "correlationVector":"HEXeu1+rnDppKEKDODMVGU","action":"Commit Request", "result":"", "context":Item count: 2
Contributing types: Preferences}
{"logTime": "0621/125516", "correlationVector":"HEXeu1+rnDppKEKDODMVGU.1","action":"SyncServerConnectionManagerRequest", "result":"SYNC_SERVER_OK", "context":{"environment":"Prod_JapanEast_000f", "migrationStage":"NotStarted", "server":"GENERAL1100000M"}}
{"logTime": "0621/125516", "correlationVector":"HEXeu1+rnDppKEKDODMVGU.2","action":"Commit Response", "result":"Success", "context":Result: Success. cV=HEXeu1+rnDppKEKDODMVGU.0;server=GENERAL1100000M;cloudType=Consumer;environment=Prod_JapanEast_000f;migrationStage=NotStarted}
{"logTime": "0621/125518", "correlationVector":"JfMfqL9DanJqEfoELIu/3W","action":"Normal GetUpdate request", "result":"", "context":cV=JfMfqL9DanJqEfoELIu/3W
Nudged types: Preferences}
{"logTime": "0621/125519", "correlationVector":"JfMfqL9DanJqEfoELIu/3W.1","action":"SyncServerConnectionManagerRequest", "result":"SYNC_SERVER_OK", "context":{"environment":"Prod_JapanEast_000f", "migrationStage":"NotStarted", "server":"GENERAL0100000Z"}}
{"logTime": "0621/125519", "correlationVector":"JfMfqL9DanJqEfoELIu/3W.2","action":"GetUpdates Response", "result":"Success", "context":Received 2 update(s). cV=JfMfqL9DanJqEfoELIu/3W.0;server=GENERAL0100000Z;cloudType=Consumer;environment=Prod_JapanEast_000f;migrationStage=NotStarted}
{"logTime": "0621/125927", "correlationVector":"JWkpJ1rymtAHn2xXpyjllf","action":"Normal GetUpdate request", "result":"", "context":cV=JWkpJ1rymtAHn2xXpyjllf
Refresh requested types: Bookmarks, Preferences, Passwords, Autofill Profiles, Autofill, Extensions, Extension settings, Device Info, User Consents, Send Tab To Self, Web Apps, Collection, Edge E Drop, Edge Hub App Usage, Edge Wallet, Encryption Keys}
{"logTime": "0621/125929", "correlationVector":"JWkpJ1rymtAHn2xXpyjllf.1","action":"SyncServerConnectionManagerRequest", "result":"SYNC_SERVER_OK", "context":{"environment":"Prod_JapanEast_000f", "migrationStage":"NotStarted", "server":"GENERAL1100001J"}}
{"logTime": "0621/125929", "correlationVector":"JWkpJ1rymtAHn2xXpyjllf.2","action":"GetUpdates Response", "result":"Success", "context":Received 0 update(s). cV=JWkpJ1rymtAHn2xXpyjllf.0;server=GENERAL1100001J;cloudType=Consumer;environment=Prod_JapanEast_000f;migrationStage=NotStarted}
{"logTime": "0621/134355", "correlationVector":"evwFkZgVeodwizdDHX8oMM.1","action":"SyncServerConnectionManagerRequest", "result":"SYNC_SERVER_OK", "context":{"environment":"Prod_JapanEast_000f", "migrationStage":"NotStarted", "server":"GENERAL01000013"}}
{"logTime": "0621/134356", "correlationVector":"tZPboQU31JGHohq55nKx1D","action":"SyncServerConnectionManagerRequest", "result":"SYNC_SERVER_OK", "context":{"environment":"", "migrationStage":"", "server":""}}
{"logTime": "0621/134356", "correlationVector":"evwFkZgVeodwizdDHX8oMM","action":"Initial GetUpdates", "result":"", "context":Reason: NEW_CLIENT. cV=evwFkZgVeodwizdDHX8oMM}
{"logTime": "0621/134356", "correlationVector":"evwFkZgVeodwizdDHX8oMM.2","action":"GetUpdates Response", "result":"Success", "context":Received 1 update(s). cV=evwFkZgVeodwizdDHX8oMM.0;server=GENERAL01000013;cloudType=Consumer;environment=Prod_JapanEast_000f;migrationStage=NotStarted}
{"logTime": "0621/134356", "correlationVector":"kVjGnZZnLaUeLfREqIGYVd","action":"Initial GetUpdates", "result":"", "context":Reason: NEWLY_SUPPORTED_DATATYPE. cV=kVjGnZZnLaUeLfREqIGYVd}
{"logTime": "0621/134356", "correlationVector":"kVjGnZZnLaUeLfREqIGYVd.1","action":"SyncServerConnectionManagerRequest", "result":"SYNC_SERVER_OK", "context":{"environment":"Prod_JapanEast_000f", "migrationStage":"NotStarted", "server":"GENERAL1100000B"}}
{"logTime": "0621/134356", "correlationVector":"kVjGnZZnLaUeLfREqIGYVd.2","action":"GetUpdates", "result":"DeleteReceived", "context":{"id":"edae1d8a-83c5-41db-bb22-7cc51e4431f6", "isDeleted:":"true", "version":"1703831686960"}}
{"logTime": "0621/134356", "correlationVector":"kVjGnZZnLaUeLfREqIGYVd.3","action":"GetUpdates", "result":"DeleteReceived", "context":{"id":"ef3463b3-fce2-43be-80d4-4b385b19fd18", "isDeleted:":"true", "version":"1708657352205"}}
{"logTime": "0621/134356", "correlationVector":"kVjGnZZnLaUeLfREqIGYVd.4","action":"GetUpdates", "result":"DeleteReceived", "context":{"id":"aca62cb7-367d-49b7-b7f7-8c489e6d9462", "isDeleted:":"true", "version":"1718611880879"}}
{"logTime": "0621/134356", "correlationVector":"kVjGnZZnLaUeLfREqIGYVd.5","action":"GetUpdates Response", "result":"Success", "context":Received 74 update(s). cV=kVjGnZZnLaUeLfREqIGYVd.0;server=GENERAL1100000B;cloudType=Consumer;environment=Prod_JapanEast_000f;migrationStage=NotStarted}
{"logTime": "0621/134356", "correlationVector":"E4Jy4ShyzbgizCCbAl6usA","action":"Normal GetUpdate request", "result":"", "context":cV=E4Jy4ShyzbgizCCbAl6usA
Nudged types: Preferences
Refresh requested types: Bookmarks, Preferences, Passwords, Autofill Profiles, Autofill, Extensions, Extension settings, Device Info, User Consents, Send Tab To Self, Web Apps, Collection, Edge E Drop, Edge Hub App Usage, Edge Wallet, Encryption Keys}
{"logTime": "0621/134357", "correlationVector":"E4Jy4ShyzbgizCCbAl6usA.1","action":"SyncServerConnectionManagerRequest", "result":"SYNC_SERVER_OK", "context":{"environment":"Prod_JapanEast_000f", "migrationStage":"NotStarted", "server":"GENERAL11000014"}}
{"logTime": "0621/134357", "correlationVector":"E4Jy4ShyzbgizCCbAl6usA.2","action":"GetUpdates Response", "result":"Success", "context":Received 3 update(s). cV=E4Jy4ShyzbgizCCbAl6usA.0;server=GENERAL11000014;cloudType=Consumer;environment=Prod_JapanEast_000f;migrationStage=NotStarted}
{"logTime": "0621/134357", "correlationVector":"OYQHfnSTbPrRq5CofeMYaw","action":"Commit Request", "result":"", "context":Item count: 2
Contributing types: Preferences}
{"logTime": "0621/134358", "correlationVector":"OYQHfnSTbPrRq5CofeMYaw.1","action":"SyncServerConnectionManagerRequest", "result":"SYNC_SERVER_OK", "context":{"environment":"Prod_JapanEast_000f", "migrationStage":"NotStarted", "server":"GENERAL11000019"}}
{"logTime": "0621/134358", "correlationVector":"OYQHfnSTbPrRq5CofeMYaw.2","action":"Commit Response", "result":"Success", "context":Result: Success. cV=OYQHfnSTbPrRq5CofeMYaw.0;server=GENERAL11000019;cloudType=Consumer;environment=Prod_JapanEast_000f;migrationStage=NotStarted}
{"logTime": "0621/134358", "correlationVector":"VRX9NPcHKjlR55/TLPfkUq","action":"Normal GetUpdate request", "result":"", "context":cV=VRX9NPcHKjlR55/TLPfkUq
Nudged types: Preferences}
{"logTime": "0621/134359", "correlationVector":"VRX9NPcHKjlR55/TLPfkUq.1","action":"SyncServerConnectionManagerRequest", "result":"SYNC_SERVER_OK", "context":{"environment":"Prod_JapanEast_000f", "migrationStage":"NotStarted", "server":"GENERAL0100000Z"}}
{"logTime": "0621/134359", "correlationVector":"VRX9NPcHKjlR55/TLPfkUq.2","action":"GetUpdates Response", "result":"Success", "context":Received 2 update(s). cV=VRX9NPcHKjlR55/TLPfkUq.0;server=GENERAL0100000Z;cloudType=Consumer;environment=Prod_JapanEast_000f;migrationStage=NotStarted}
{"logTime": "0621/134359", "correlationVector":"tsZhcZJVFhG+lzSo85FeGN","action":"Poll GetUpdate request", "result":"", "context":cV=tsZhcZJVFhG+lzSo85FeGN}
{"logTime": "0621/134359", "correlationVector":"tsZhcZJVFhG+lzSo85FeGN.1","action":"SyncServerConnectionManagerRequest", "result":"SYNC_SERVER_OK", "context":{"environment":"Prod_JapanEast_000f", "migrationStage":"NotStarted", "server":"GENERAL11000001"}}
{"logTime": "0621/134359", "correlationVector":"tsZhcZJVFhG+lzSo85FeGN.2","action":"GetUpdates Response", "result":"Success", "context":Received 0 update(s). cV=tsZhcZJVFhG+lzSo85FeGN.0;server=GENERAL11000001;cloudType=Consumer;environment=Prod_JapanEast_000f;migrationStage=NotStarted}
{"logTime": "0621/134409", "correlationVector":"wWWXFPsHqMSA+fQYGP3yS5","action":"Commit Request", "result":"", "context":Item count: 1
Contributing types: Preferences}
{"logTime": "0621/134410", "correlationVector":"wWWXFPsHqMSA+fQYGP3yS5.1","action":"SyncServerConnectionManagerRequest", "result":"SYNC_SERVER_OK", "context":{"environment":"Prod_JapanEast_000f", "migrationStage":"NotStarted", "server":"GENERAL1100000P"}}
{"logTime": "0621/134410", "correlationVector":"wWWXFPsHqMSA+fQYGP3yS5.2","action":"Commit Response", "result":"Success", "context":Result: Success. cV=wWWXFPsHqMSA+fQYGP3yS5.0;server=GENERAL1100000P;cloudType=Consumer;environment=Prod_JapanEast_000f;migrationStage=NotStarted}
